<?xml version="1.0" encoding="UTF-8"?>
<!-- Generated by org.testng.reporters.JUnitXMLReporter -->
<testsuite ignored="1" hostname="DESKTOP-U1JE23P" failures="1" tests="1" name="Test" time="113.128" errors="0" timestamp="2022-12-27T20:43:02 IST">
  <testcase classname="scripts.PolicyLibraryTest" name="verifyBrokerPolicyLibraryDetails" time="113.062">
    <failure type="java.lang.AssertionError" message="The following asserts failed:
	txtEmailID is either not available on the page or not clickable as it&amp;apos;s timeout,
	Unable to open login page after logout">
      <![CDATA[java.lang.AssertionError: The following asserts failed:
txtEmailID is either not available on the page or not clickable as it's timeout,
Unable to open login page after logout
at com.as.autot.tool.wrapper.api.HTMLWebDriver.testClosure(HTMLWebDriver.java:289)
at scripts.PolicyLibraryTest.verifyBrokerPolicyLibraryDetails(PolicyLibraryTest.java:63)
at java.base/java.util.concurrent.ThreadPoolExecutor.runWorker(ThreadPoolExecutor.java:1136)
at java.base/java.util.concurrent.ThreadPoolExecutor$Worker.run(ThreadPoolExecutor.java:635)
at java.base/java.lang.Thread.run(Thread.java:833)
... Removed 14 stack frames]]>
    </failure>
  </testcase> <!-- verifyBrokerPolicyLibraryDetails -->
  <testcase classname="scripts.PolicyLibraryTest" name="verifyPolicyDetailsInPolicyLibrary" time="0.0">
    <ignored/>
  </testcase> <!-- verifyPolicyDetailsInPolicyLibrary -->
</testsuite> <!-- Test -->
