<?xml version="1.0" encoding="UTF-8"?>
<!-- Generated by org.testng.reporters.JUnitXMLReporter -->
<testsuite ignored="0" hostname="DESKTOP-U1JE23P" failures="0" tests="2" name="Default test" time="240.217" errors="0" timestamp="2022-12-23T17:55:15 IST">
  <testcase classname="scripts.PolicyLibraryTest" name="verifyBrokerPolicyLibraryDetails" time="208.125"/>
  <testcase classname="scripts.PolicyLibraryTest" name="verifyPolicyDetailsInPolicyLibrary" time="32.032"/>
</testsuite> <!-- Default test -->
