<?xml version="1.0" encoding="UTF-8"?>
<testng-results ignored="1" total="2" passed="0" failed="1" skipped="0">
  <reporter-output>
    <line>
      <![CDATA[Page Object Model is generated for Login Page.]]>
    </line>
    <line>
      <![CDATA[Login process started]]>
    </line>
    <line>
      <![CDATA[Entered user credential to login]]>
    </line>
    <line>
      <![CDATA[[btnSignin] is clicked]]>
    </line>
    <line>
      <![CDATA[Login process is completed with user [duatest1@outlook.com]]]>
    </line>
    <line>
      <![CDATA[verifyLoginPageTitle process started]]>
    </line>
    <line>
      <![CDATA[txtEmailID is either not available on the page or not clickable as it's timeout]]>
    </line>
    <line>
      <![CDATA[Skipping further steps as previous step is failed]]>
    </line>
    <line>
      <![CDATA[Unable to open login page after logout]]>
    </line>
    <line>
      <![CDATA[verifyLoginPageTitle process ended]]>
    </line>
    <line>
      <![CDATA[Page Object Model is generated for dashboard]]>
    </line>
    <line>
      <![CDATA[User [Bas van Zalingen] login successfully]]>
    </line>
    <line>
      <![CDATA[Click on to the Policy Library button.]]>
    </line>
    <line>
      <![CDATA[[btnPoliciesLib] is clicked]]>
    </line>
    <line>
      <![CDATA[Clicking policy library button process ended]]>
    </line>
    <line>
      <![CDATA[Page Object Model is generated for Policy Library Page.]]>
    </line>
    <line>
      <![CDATA[Policy header page :-  [Library] is visible successfully]]>
    </line>
    <line>
      <![CDATA[Policy Table Columns verification started]]>
    </line>
    <line>
      <![CDATA[[PolicyColumn] :- [Policy] is available on the page ]]>
    </line>
    <line>
      <![CDATA[[MemberColumn]:- [Member] is available on the page]]>
    </line>
    <line>
      <![CDATA[[PolicyStartColumn]:-[Policy Start] is available on the page]]>
    </line>
    <line>
      <![CDATA[[PolicyEndColumn]:-[Policy End] is available on the page]]>
    </line>
    <line>
      <![CDATA[[PolicyStatusColumn]:-[Status] is available on the page]]>
    </line>
    <line>
      <![CDATA[[NoOfRiskColumn]:-[No. of Risks] is available on the page]]>
    </line>
    <line>
      <![CDATA[Policy Table Columns verification ended]]>
    </line>
    <line>
      <![CDATA[Total Policy Rows details started]]>
    </line>
    <line>
      <![CDATA[TotalListRows count is :-4]]>
    </line>
  </reporter-output>
  <suite started-at="2022-12-27T20:41:08 IST" name="PNI_SmokeSuite" finished-at="2022-12-27T20:43:02 IST" duration-ms="113128">
    <groups>
      <group name="Regression">
        <method signature="PolicyLibraryTest.verifyBrokerPolicyLibraryDetails()[pri:0, instance:scripts.PolicyLibraryTest@13d73f29]" name="verifyBrokerPolicyLibraryDetails" class="scripts.PolicyLibraryTest"/>
      </group> <!-- Regression -->
    </groups>
    <test started-at="2022-12-27T20:41:08 IST" name="Test" finished-at="2022-12-27T20:43:02 IST" duration-ms="113128">
      <class name="scripts.PolicyLibraryTest">
        <test-method is-config="true" signature="beforeMethod(org.testng.ITestContext)[pri:0, instance:scripts.PolicyLibraryTest@13d73f29]" started-at="2022-12-27T20:41:08 IST" name="beforeMethod" finished-at="2022-12-27T20:41:09 IST" duration-ms="12" status="PASS">
          <params>
            <param index="0">
              <value>
                <![CDATA[org.testng.TestRunner@3829ac1]]>
              </value>
            </param>
          </params>
          <reporter-output>
          </reporter-output>
        </test-method> <!-- beforeMethod -->
        <test-method signature="verifyBrokerPolicyLibraryDetails()[pri:0, instance:scripts.PolicyLibraryTest@13d73f29]" started-at="2022-12-27T20:41:09 IST" name="verifyBrokerPolicyLibraryDetails" description="To verify Policy Broker details in Policy Library" finished-at="2022-12-27T20:43:02 IST" duration-ms="113062" status="FAIL">
          <exception class="java.lang.AssertionError">
            <message>
              <![CDATA[The following asserts failed:
txtEmailID is either not available on the page or not clickable as it's timeout,
Unable to open login page after logout]]>
            </message>
            <full-stacktrace>
              <![CDATA[java.lang.AssertionError: The following asserts failed:
txtEmailID is either not available on the page or not clickable as it's timeout,
Unable to open login page after logout
at org.testng.asserts.SoftAssert.assertAll(SoftAssert.java:46)
at org.testng.asserts.SoftAssert.assertAll(SoftAssert.java:30)
at com.as.autot.tool.wrapper.api.HTMLWebDriver.testClosure(HTMLWebDriver.java:289)
at scripts.PolicyLibraryTest.verifyBrokerPolicyLibraryDetails(PolicyLibraryTest.java:63)
at java.base/jdk.internal.reflect.NativeMethodAccessorImpl.invoke0(Native Method)
at java.base/jdk.internal.reflect.NativeMethodAccessorImpl.invoke(NativeMethodAccessorImpl.java:77)
at java.base/jdk.internal.reflect.DelegatingMethodAccessorImpl.invoke(DelegatingMethodAccessorImpl.java:43)
at java.base/java.lang.reflect.Method.invoke(Method.java:568)
at org.testng.internal.invokers.MethodInvocationHelper.invokeMethod(MethodInvocationHelper.java:139)
at org.testng.internal.invokers.TestInvoker.invokeMethod(TestInvoker.java:677)
at org.testng.internal.invokers.TestInvoker.invokeTestMethod(TestInvoker.java:221)
at org.testng.internal.invokers.MethodRunner.runInSequence(MethodRunner.java:50)
at org.testng.internal.invokers.TestInvoker$MethodInvocationAgent.invoke(TestInvoker.java:962)
at org.testng.internal.invokers.TestInvoker.invokeTestMethods(TestInvoker.java:194)
at org.testng.internal.invokers.TestMethodWorker.invokeTestMethods(TestMethodWorker.java:148)
at org.testng.internal.invokers.TestMethodWorker.run(TestMethodWorker.java:128)
at java.base/java.util.concurrent.ThreadPoolExecutor.runWorker(ThreadPoolExecutor.java:1136)
at java.base/java.util.concurrent.ThreadPoolExecutor$Worker.run(ThreadPoolExecutor.java:635)
at java.base/java.lang.Thread.run(Thread.java:833)
]]>
            </full-stacktrace>
          </exception> <!-- java.lang.AssertionError -->
          <reporter-output>
            <line>
              <![CDATA[Page Object Model is generated for Login Page.]]>
            </line>
            <line>
              <![CDATA[Login process started]]>
            </line>
            <line>
              <![CDATA[Entered user credential to login]]>
            </line>
            <line>
              <![CDATA[[btnSignin] is clicked]]>
            </line>
            <line>
              <![CDATA[Login process is completed with user [duatest1@outlook.com]]]>
            </line>
            <line>
              <![CDATA[verifyLoginPageTitle process started]]>
            </line>
            <line>
              <![CDATA[txtEmailID is either not available on the page or not clickable as it's timeout]]>
            </line>
            <line>
              <![CDATA[Skipping further steps as previous step is failed]]>
            </line>
            <line>
              <![CDATA[Unable to open login page after logout]]>
            </line>
            <line>
              <![CDATA[verifyLoginPageTitle process ended]]>
            </line>
            <line>
              <![CDATA[Page Object Model is generated for dashboard]]>
            </line>
            <line>
              <![CDATA[User [Bas van Zalingen] login successfully]]>
            </line>
            <line>
              <![CDATA[Click on to the Policy Library button.]]>
            </line>
            <line>
              <![CDATA[[btnPoliciesLib] is clicked]]>
            </line>
            <line>
              <![CDATA[Clicking policy library button process ended]]>
            </line>
            <line>
              <![CDATA[Page Object Model is generated for Policy Library Page.]]>
            </line>
            <line>
              <![CDATA[Policy header page :-  [Library] is visible successfully]]>
            </line>
            <line>
              <![CDATA[Policy Table Columns verification started]]>
            </line>
            <line>
              <![CDATA[[PolicyColumn] :- [Policy] is available on the page ]]>
            </line>
            <line>
              <![CDATA[[MemberColumn]:- [Member] is available on the page]]>
            </line>
            <line>
              <![CDATA[[PolicyStartColumn]:-[Policy Start] is available on the page]]>
            </line>
            <line>
              <![CDATA[[PolicyEndColumn]:-[Policy End] is available on the page]]>
            </line>
            <line>
              <![CDATA[[PolicyStatusColumn]:-[Status] is available on the page]]>
            </line>
            <line>
              <![CDATA[[NoOfRiskColumn]:-[No. of Risks] is available on the page]]>
            </line>
            <line>
              <![CDATA[Policy Table Columns verification ended]]>
            </line>
            <line>
              <![CDATA[Total Policy Rows details started]]>
            </line>
            <line>
              <![CDATA[TotalListRows count is :-4]]>
            </line>
          </reporter-output>
        </test-method> <!-- verifyBrokerPolicyLibraryDetails -->
      </class> <!-- scripts.PolicyLibraryTest -->
    </test> <!-- Test -->
  </suite> <!-- PNI_SmokeSuite -->
</testng-results>
